Arguments: 
  /home/eliasfernandes/.nvm/versions/node/v16.14.2/bin/node /mnt/c/Users/eliasfernandes/AppData/Roaming/npm/node_modules/yarn/bin/yarn.js add express

PATH: 
  /home/eliasfernandes/.vscode-server/bin/30d9c6cd9483b2cc586687151bcbcd635f373630/bin/remote-cli:/home/eliasfernandes/.nvm/versions/node/v16.14.2/bin:/usr/local/sbin:/usr/local/bin:/usr/sbin:/usr/bin:/sbin:/bin:/usr/games:/usr/local/games:/usr/lib/wsl/lib:/mnt/c/Program Files (x86)/Common Files/Oracle/Java/javapath:/mnt/c/Windows/system32:/mnt/c/Windows:/mnt/c/Windows/System32/Wbem:/mnt/c/Windows/System32/WindowsPowerShell/v1.0/:/mnt/c/Windows/System32/OpenSSH/:/mnt/c/Program Files (x86)/NVIDIA Corporation/PhysX/Common:/mnt/c/Program Files/NVIDIA Corporation/NVIDIA NvDLISR:/mnt/c/WINDOWS/system32:/mnt/c/WINDOWS:/mnt/c/WINDOWS/System32/Wbem:/mnt/c/WINDOWS/System32/WindowsPowerShell/v1.0/:/mnt/c/WINDOWS/System32/OpenSSH/:/mnt/c/Program Files/Git/cmd:/mnt/c/ProgramData/chocolatey/bin:/mnt/c/Program Files/MongoDB/Server/5.0/bin:/mnt/c/Program Files/nodejs/:/mnt/c/ProgramData/UNIVALI/Portugol Studio:/mnt/c/Users/eliasfernandes/AppData/Local/Microsoft/WindowsApps:/mnt/c/Users/eliasfernandes/AppData/Local/Programs/Microsoft VS Code/bin:/mnt/c/Users/eliasfernandes/AppData/Roaming/npm:/mnt/c/Users/eliasfernandes/AppData/Local/GitHubDesktop/bin:/mnt/c/Program Files/JetBrains/PyCharm Community Edition 2021.3.2/bin:/snap/bin

Yarn version: 
  1.22.17

Node version: 
  16.14.2

Platform: 
  linux x64

Trace: 
  Error: EACCES: permission denied, mkdir '/home/eliasfernandes/projects/severance-pay-calc/backend/node_modules/accepts'

npm manifest: 
  {
    "name": "backend",
    "version": "1.0.0",
    "description": "",
    "main": "index.js",
    "scripts": {
      "test": "echo \"Error: no test specified\" && exit 1"
    },
    "keywords": [],
    "author": "",
    "license": "ISC"
  }

yarn manifest: 
  No manifest

Lockfile: 
  No lockfile
